SF:lib/core/errors/failure.dart
DA:8,1
DA:10,4
DA:12,0
DA:13,0
DA:17,1
DA:19,0
DA:20,0
LF:7
LH:3
end_of_record
SF:lib/src/authentication/domain/entities/user.dart
DA:8,1
DA:15,1
DA:16,0
DA:22,0
DA:26,0
DA:27,0
DA:28,0
DA:29,0
DA:32,0
DA:34,0
LF:10
LH:2
end_of_record
SF:lib/src/authentication/domain/use_cases/create_user.dart
DA:8,0
DA:10,0
DA:12,0
DA:13,0
DA:14,0
DA:15,0
DA:23,2
DA:29,1
DA:30,0
DA:35,1
DA:39,3
DA:40,3
DA:41,3
DA:44,0
DA:45,0
LF:15
LH:6
end_of_record
SF:lib/src/authentication/domain/use_cases/get_users.dart
DA:8,0
DA:10,0
DA:11,0
LF:3
LH:0
end_of_record
SF:lib/src/authentication/presentation/cubit/authentication_cubit.dart
DA:11,1
DA:15,1
DA:20,1
DA:24,1
DA:26,3
DA:32,5
DA:33,2
DA:36,1
DA:37,1
DA:39,2
DA:40,1
DA:41,4
DA:42,3
LF:13
LH:13
end_of_record
SF:lib/src/authentication/presentation/cubit/authentication_state.dart
DA:5,3
DA:6,1
DA:7,1
DA:11,2
DA:15,2
DA:19,2
DA:23,2
DA:28,2
DA:30,1
DA:31,5
DA:36,1
DA:38,1
DA:39,2
LF:13
LH:13
end_of_record
SF:lib/core/use_case/use_case.dart
DA:4,0
DA:9,0
LF:2
LH:0
end_of_record
SF:lib/src/authentication/domain/repositories/authentication_repository.dart
DA:5,0
LF:1
LH:0
end_of_record
SF:lib/core/errors/exceptions.dart
DA:4,0
DA:9,0
DA:13,0
DA:16,0
DA:17,0
LF:5
LH:0
end_of_record
SF:lib/src/authentication/data/data_sources/authentication_remote_data_source.dart
DA:24,0
DA:26,0
DA:38,0
DA:39,0
DA:44,0
DA:45,0
DA:46,0
DA:47,0
DA:50,0
DA:53,0
DA:57,0
DA:61,0
DA:62,0
DA:63,0
DA:64,0
DA:66,0
DA:67,0
DA:68,0
DA:69,0
DA:71,0
DA:72,0
DA:75,0
LF:22
LH:0
end_of_record
SF:lib/src/authentication/data/models/user_model.dart
DA:7,0
DA:14,0
DA:15,0
DA:21,0
DA:27,0
DA:28,0
DA:29,0
DA:30,0
DA:31,0
DA:35,0
DA:36,0
DA:37,0
DA:38,0
DA:39,0
DA:40,0
DA:44,0
DA:45,0
DA:46,0
DA:47,0
DA:48,0
DA:49,0
DA:53,0
DA:55,0
DA:56,0
DA:58,0
DA:60,0
LF:26
LH:0
end_of_record
SF:lib/src/authentication/data/repositories/authentication_remote_data_source_implementation.dart
DA:13,0
DA:15,0
DA:26,0
DA:29,0
DA:30,0
DA:34,0
DA:37,0
DA:38,0
DA:39,0
DA:40,0
LF:10
LH:0
end_of_record
