SF:lib/core/errors/exceptions.dart
DA:4,2
DA:9,1
DA:13,6
DA:16,0
DA:17,0
LF:5
LH:3
end_of_record
SF:lib/src/authentication/data/data_sources/authentication_remote_data_source.dart
DA:24,1
DA:26,1
DA:38,3
DA:39,2
DA:44,4
DA:45,1
DA:46,1
DA:47,1
DA:50,1
DA:53,0
DA:57,1
DA:61,3
DA:62,2
DA:63,1
DA:64,2
DA:66,3
DA:67,1
DA:68,1
DA:69,1
DA:71,1
DA:72,1
DA:75,0
LF:22
LH:20
end_of_record
SF:lib/src/authentication/data/models/user_model.dart
DA:7,2
DA:14,1
DA:15,0
DA:21,0
DA:27,0
DA:28,0
DA:29,0
DA:30,0
DA:31,0
DA:35,1
DA:36,1
DA:37,1
DA:38,1
DA:39,1
DA:40,1
DA:44,1
DA:45,1
DA:46,1
DA:47,1
DA:48,1
DA:49,1
DA:53,0
DA:55,0
DA:56,0
DA:58,0
DA:60,0
LF:26
LH:14
end_of_record
SF:lib/src/authentication/domain/entities/user.dart
DA:8,2
DA:15,0
DA:16,0
DA:22,1
DA:26,3
DA:27,3
DA:28,3
DA:29,3
DA:32,0
DA:34,0
LF:10
LH:6
end_of_record
